17:58:41 **** Build of configuration debug for project inet ****
make MODE=debug -j2 all 
make[1]: Entering directory '/home/martin/Desktop/YACHAYdecimosemestre/redesmovil/proyecto/veins-veins-5 (1).0-Esbr/veins-veins-5.0/inet/src'
*** COMPILING with:
g++ -c -std=c++11 -g -Wall -MMD -MP -MF .d  -fPIC  -fno-omit-frame-pointer -DHAVE_SWAPCONTEXT -DWITH_MPI -DXMLPARSER=libxml -DPREFER_QTENV -DWITH_QTENV -DWITH_PARSIM -DWITH_NETBUILDER -DWITH_OSG -DWITH_OSGEARTH -Wno-overloaded-virtual -include inet/common/precompiled_debug.h  -DINET_EXPORT -I. -I/opt/omnetpp-5.6.1/include
*** LINKING with:
g++ -shared -fPIC -o ../out/gcc-debug/src/libINET_dbg.so -Wl,--no-as-needed -Wl,--whole-archive  -Wl,--no-whole-archive -loppenvir_dbg -loppsim_dbg -ldl -lstdc++  -losg -losgText -losgDB -losgGA -losgViewer -losgUtil -lOpenThreads  -losgEarth -losgEarthUtil  -Wl,-rpath,/opt/omnetpp-5.6.1/lib -Wl,-rpath,/lib -Wl,-rpath,.  -Wl,--export-dynamic -L/opt/omnetpp-5.6.1/lib
Building...
Creating precompiled header for gcc...
MSGC: inet/applications/base/ApplicationPacket.msg
MSGC: inet/applications/common/SocketTag.msg
MSGC: inet/applications/dhcp/DhcpMessage.msg
MSGC: inet/applications/ethernet/EtherApp.msg
MSGC: inet/applications/httptools/common/HttpEventMessages.msg
MSGC: inet/applications/httptools/common/HttpMessages.msg
MSGC: inet/applications/netperfmeter/NetPerfMeter.msg
MSGC: inet/applications/packetdrill/PacketDrillInfo.msg
MSGC: inet/applications/pingapp/PingApp.msg
MSGC: inet/applications/rtpapp/RtpApplication.msg
MSGC: inet/applications/tcpapp/GenericAppMsg.msg
MSGC: inet/applications/voip/SimpleVoipPacket.msg
MSGC: inet/common/INETDefs.msg
MSGC: inet/common/Protocol.msg
MSGC: inet/common/ProtocolTag.msg
MSGC: inet/common/Simsignals.msg
MSGC: inet/common/TagBase.msg
MSGC: inet/common/TimeTag.msg
MSGC: inet/common/TlvOptions.msg
MSGC: inet/common/Units.msg
MSGC: inet/common/geometry/Geometry.msg
MSGC: inet/common/packet/ChunkBuffer.msg
MSGC: inet/common/packet/ChunkQueue.msg
MSGC: inet/common/packet/Message.msg
MSGC: inet/common/packet/Packet.msg
MSGC: inet/common/packet/chunk/Chunk.msg
MSGC: inet/common/scenario/ScenarioTimer.msg
MSGC: inet/environment/common/Material.msg
MSGC: inet/environment/common/PhysicalObject.msg
MSGC: inet/linklayer/acking/AckingMacHeader.msg
MSGC: inet/linklayer/bmac/BMacHeader.msg
MSGC: inet/linklayer/common/EtherType.msg
MSGC: inet/linklayer/common/FcsMode.msg
MSGC: inet/linklayer/common/Ieee802Ctrl.msg
MSGC: inet/linklayer/common/Ieee802SapTag.msg
MSGC: inet/linklayer/common/InterfaceTag.msg
MSGC: inet/linklayer/common/MacAddress.msg
MSGC: inet/linklayer/common/MacAddressTag.msg
MSGC: inet/linklayer/common/UserPriorityTag.msg
MSGC: inet/linklayer/common/VlanTag.msg
MSGC: inet/linklayer/csmaca/CsmaCaMacHeader.msg
MSGC: inet/linklayer/ethernet/EtherFrame.msg
MSGC: inet/linklayer/ethernet/EthernetCommand.msg
MSGC: inet/linklayer/ethernet/EtherPhyFrame.msg
MSGC: inet/linklayer/ieee80211/llc/Ieee80211EtherTypeHeader.msg
MSGC: inet/linklayer/ieee80211/llc/LlcProtocolTag.msg
MSGC: inet/linklayer/ieee80211/mac/Ieee80211Frame.msg
MSGC: inet/linklayer/ieee80211/mac/Ieee80211SubtypeTag.msg
MSGC: inet/linklayer/ieee80211/mac/framesequence/FrameSequence.msg
MSGC: inet/linklayer/ieee80211/mac/queue/InProgressFrames.msg
MSGC: inet/linklayer/ieee80211/mgmt/Ieee80211MgmtFrame.msg
MSGC: inet/linklayer/ieee80211/mgmt/Ieee80211Primitives.msg
MSGC: inet/linklayer/ieee802154/Ieee802154MacHeader.msg
MSGC: inet/linklayer/ieee8021d/common/Ieee8021dBpdu.msg
MSGC: inet/linklayer/ieee8021q/Ieee8021qHeader.msg
MSGC: inet/linklayer/ieee8022/Ieee8022LlcHeader.msg
MSGC: inet/linklayer/ieee8022/Ieee8022LlcSocketCommand.msg
MSGC: inet/linklayer/lmac/LMacHeader.msg
MSGC: inet/linklayer/ppp/PppFrame.msg
MSGC: inet/linklayer/shortcut/ShortcutMacHeader.msg
MSGC: inet/linklayer/tun/TunControlInfo.msg
MSGC: inet/linklayer/xmac/XMacHeader.msg
MSGC: inet/networklayer/arp/ipv4/ArpPacket.msg
MSGC: inet/networklayer/common/DscpTag.msg
MSGC: inet/networklayer/common/EchoPacket.msg
MSGC: inet/networklayer/common/EcnTag.msg
MSGC: inet/networklayer/common/FragmentationTag.msg
MSGC: inet/networklayer/common/HopLimitTag.msg
MSGC: inet/networklayer/common/InterfaceEntry.msg
MSGC: inet/networklayer/common/IpProtocolId.msg
MSGC: inet/networklayer/common/L3Address.msg
MSGC: inet/networklayer/common/L3AddressTag.msg
MSGC: inet/networklayer/common/MulticastTag.msg
MSGC: inet/networklayer/common/NextHopAddressTag.msg
MSGC: inet/networklayer/common/TosTag.msg
MSGC: inet/networklayer/contract/L3SocketCommand.msg
MSGC: inet/networklayer/contract/NetworkHeaderBase.msg
MSGC: inet/networklayer/contract/clns/ClnsAddress.msg
MSGC: inet/networklayer/contract/ipv4/Ipv4Address.msg
MSGC: inet/networklayer/contract/ipv4/Ipv4SocketCommand.msg
MSGC: inet/networklayer/contract/ipv6/Ipv6Address.msg
MSGC: inet/networklayer/contract/ipv6/Ipv6SocketCommand.msg
MSGC: inet/networklayer/diffserv/Dscp.msg
MSGC: inet/networklayer/flooding/FloodingHeader.msg
MSGC: inet/networklayer/icmpv6/Icmpv6Header.msg
MSGC: inet/networklayer/icmpv6/Ipv6NdMessage.msg
MSGC: inet/networklayer/ipv4/IcmpHeader.msg
MSGC: inet/networklayer/ipv4/IgmpMessage.msg
MSGC: inet/networklayer/ipv4/Ipv4Header.msg
MSGC: inet/networklayer/ipv4/Ipv4NatEntry.msg
MSGC: inet/networklayer/ipv4/Ipv4OptionsTag.msg
MSGC: inet/networklayer/ipv4/Ipv4Route.msg
MSGC: inet/networklayer/ipv6/Ipv6ExtensionHeaders.msg
MSGC: inet/networklayer/ipv6/Ipv6ExtHeaderTag.msg
MSGC: inet/networklayer/ipv6/Ipv6Header.msg
MSGC: inet/networklayer/ldp/LdpPacket.msg
MSGC: inet/networklayer/mpls/MplsPacket.msg
MSGC: inet/networklayer/nexthop/NextHopForwardingHeader.msg
MSGC: inet/networklayer/probabilistic/ProbabilisticBroadcastHeader.msg
MSGC: inet/networklayer/rsvpte/IntServ.msg
MSGC: inet/networklayer/rsvpte/RsvpHelloMsg.msg
MSGC: inet/networklayer/rsvpte/RsvpPacket.msg
MSGC: inet/networklayer/rsvpte/RsvpPathMsg.msg
MSGC: inet/networklayer/rsvpte/RsvpResvMsg.msg
MSGC: inet/networklayer/rsvpte/SignallingMsg.msg
MSGC: inet/networklayer/ted/LinkStatePacket.msg
MSGC: inet/networklayer/ted/Ted.msg
MSGC: inet/networklayer/wiseroute/WiseRouteHeader.msg
MSGC: inet/networklayer/xmipv6/MobilityHeader.msg
MSGC: inet/physicallayer/analogmodel/packetlevel/ScalarReception.msg
MSGC: inet/physicallayer/analogmodel/packetlevel/ScalarTransmission.msg
MSGC: inet/physicallayer/apskradio/packetlevel/ApskPhyHeader.msg
MSGC: inet/physicallayer/base/packetlevel/FlatReceptionBase.msg
MSGC: inet/physicallayer/base/packetlevel/FlatTransmissionBase.msg
MSGC: inet/physicallayer/base/packetlevel/NarrowbandReceptionBase.msg
MSGC: inet/physicallayer/base/packetlevel/NarrowbandTransmissionBase.msg
MSGC: inet/physicallayer/base/packetlevel/ReceptionBase.msg
MSGC: inet/physicallayer/base/packetlevel/TransmissionBase.msg
MSGC: inet/physicallayer/common/packetlevel/Arrival.msg
MSGC: inet/physicallayer/common/packetlevel/BandListening.msg
MSGC: inet/physicallayer/common/packetlevel/Signal.msg
MSGC: inet/physicallayer/contract/packetlevel/IModulation.msg
MSGC: inet/physicallayer/contract/packetlevel/RadioControlInfo.msg
MSGC: inet/physicallayer/contract/packetlevel/SignalTag.msg
MSGC: inet/physicallayer/ieee80211/mode/Ieee80211Channel.msg
MSGC: inet/physicallayer/ieee80211/mode/IIeee80211Mode.msg
MSGC: inet/physicallayer/ieee80211/packetlevel/Ieee80211ControlInfo.msg
MSGC: inet/physicallayer/ieee80211/packetlevel/Ieee80211DimensionalTransmission.msg
MSGC: inet/physicallayer/ieee80211/packetlevel/Ieee80211PhyHeader.msg
MSGC: inet/physicallayer/ieee80211/packetlevel/Ieee80211ScalarTransmission.msg
MSGC: inet/physicallayer/ieee80211/packetlevel/Ieee80211Tag.msg
MSGC: inet/physicallayer/shortcut/ShortcutPhyHeader.msg
MSGC: inet/physicallayer/unitdisk/UnitDiskPhyHeader.msg
MSGC: inet/physicallayer/unitdisk/UnitDiskTransmission.msg
MSGC: inet/queueing/common/LabelsTag.msg
MSGC: inet/queueing/common/RateTag.msg
MSGC: inet/routing/aodv/AodvControlPackets.msg
MSGC: inet/routing/bgpv4/BgpCommon.msg
MSGC: inet/routing/bgpv4/bgpmessage/BgpHeader.msg
MSGC: inet/routing/dsdv/DsdvHello.msg
MSGC: inet/routing/dymo/Dymo.msg
MSGC: inet/routing/gpsr/Gpsr.msg
MSGC: inet/routing/ospf_common/OspfPacketBase.msg
MSGC: inet/routing/ospfv2/Ospfv2Packet.msg
MSGC: inet/routing/ospfv3/Ospfv3Packet.msg
MSGC: inet/routing/pim/PimPacket.msg
MSGC: inet/routing/rip/RipPacket.msg
MSGC: inet/transportlayer/common/CrcMode.msg
MSGC: inet/transportlayer/common/L4PortTag.msg
MSGC: inet/transportlayer/common/TransportPseudoHeader.msg
MSGC: inet/transportlayer/contract/TransportHeaderBase.msg
MSGC: inet/transportlayer/contract/sctp/SctpCommand.msg
MSGC: inet/transportlayer/contract/tcp/TcpCommand.msg
MSGC: inet/transportlayer/contract/udp/UdpControlInfo.msg
MSGC: inet/transportlayer/rtp/Reports.msg
MSGC: inet/transportlayer/rtp/RtcpPacket.msg
MSGC: inet/transportlayer/rtp/RtpInnerPacket.msg
MSGC: inet/transportlayer/rtp/RtpInterfacePacket.msg
MSGC: inet/transportlayer/rtp/RtpPacket.msg
MSGC: inet/transportlayer/rtp/RtpParticipantInfo.msg
MSGC: inet/transportlayer/rtp/RtpSenderControlMessage.msg
MSGC: inet/transportlayer/rtp/RtpSenderStatusMessage.msg
MSGC: inet/transportlayer/rtp/profiles/avprofile/RtpMpegPacket.msg
MSGC: inet/transportlayer/sctp/SctpHeader.msg
MSGC: inet/transportlayer/tcp/TcpConnection.msg
MSGC: inet/transportlayer/tcp_common/TcpHeader.msg
MSGC: inet/transportlayer/udp/UdpHeader.msg
MSGC: inet/visualizer/base/PacketDrop.msg
inet/applications/base/ApplicationBase.cc
inet/applications/base/ApplicationPacketSerializer.cc
inet/applications/dhcp/DhcpClient.cc
inet/applications/dhcp/DhcpMessageSerializer.cc
inet/applications/dhcp/DhcpServer.cc
inet/applications/ethernet/EtherAppClient.cc
inet/applications/ethernet/EtherAppPacketSerializer.cc
inet/applications/ethernet/EtherAppServer.cc
inet/applications/ethernet/EtherTrafGen.cc
inet/applications/generic/IpvxTrafGen.cc
inet/applications/generic/IpvxTrafSink.cc
inet/applications/httptools/browser/HttpBrowser.cc
inet/applications/httptools/browser/HttpBrowserBase.cc
inet/applications/httptools/browser/HttpBrowserDirect.cc
inet/applications/httptools/common/HttpNodeBase.cc
inet/applications/httptools/common/HttpRandom.cc
inet/applications/httptools/common/HttpUtils.cc
inet/applications/httptools/configurator/HttpController.cc
inet/applications/httptools/server/HttpServer.cc
inet/applications/httptools/server/HttpServerBase.cc
inet/applications/httptools/server/HttpServerDirect.cc
inet/applications/httptools/server/HttpServerDirectEvilA.cc
inet/applications/httptools/server/HttpServerDirectEvilB.cc
inet/applications/httptools/server/HttpServerEvilA.cc
inet/applications/httptools/server/HttpServerEvilB.cc
inet/applications/netperfmeter/NetPerfMeter.cc
inet/applications/packetdrill/lexer.cc
inet/applications/packetdrill/PacketDrill.cc
inet/applications/packetdrill/PacketDrillApp.cc
inet/applications/packetdrill/PacketDrillUtils.cc
inet/applications/packetdrill/parser.cc
inet/applications/pingapp/PingApp.cc
inet/applications/rtpapp/RtpApplication.cc
inet/applications/sctpapp/SctpClient.cc
inet/applications/sctpapp/SctpNatPeer.cc
inet/applications/sctpapp/SctpNatServer.cc
inet/applications/sctpapp/SctpPeer.cc
inet/applications/sctpapp/SctpServer.cc
inet/applications/tcpapp/GenericAppMsgSerializer.cc
inet/applications/tcpapp/TcpAppBase.cc
inet/applications/tcpapp/TcpBasicClientApp.cc
inet/applications/tcpapp/TcpClientSocketIo.cc
inet/applications/tcpapp/TcpEchoApp.cc
inet/applications/tcpapp/TcpGenericServerApp.cc
inet/applications/tcpapp/TcpGenericServerThread.cc
inet/applications/tcpapp/TcpServerHostApp.cc
inet/applications/tcpapp/TcpServerListener.cc
inet/applications/tcpapp/TcpServerSocketIo.cc
inet/applications/tcpapp/TcpSessionApp.cc
inet/applications/tcpapp/TcpSinkApp.cc
inet/applications/tcpapp/TelnetApp.cc
inet/applications/tunapp/TunLoopbackApp.cc
inet/applications/tunapp/TunnelApp.cc
inet/applications/udpapp/UdpBasicApp.cc
inet/applications/udpapp/UdpBasicBurst.cc
inet/applications/udpapp/UdpEchoApp.cc
inet/applications/udpapp/UdpSink.cc
inet/applications/udpapp/UdpSocketIo.cc
inet/applications/udpapp/UdpVideoStreamClient.cc
inet/applications/udpapp/UdpVideoStreamServer.cc
inet/applications/voip/SimpleVoipReceiver.cc
inet/applications/voip/SimpleVoipSender.cc
inet/common/BitVector.cc
inet/common/Compat.cc
inet/common/IInterfaceRegistrationListener.cc
inet/common/INETUtils.cc
inet/common/InitStages.cc
inet/common/int128.cc
inet/common/IntervalTree.cc
inet/common/IProtocolRegistrationListener.cc
inet/common/LayeredProtocolBase.cc
inet/common/Macho.cc
inet/common/MatchableField.cc
inet/common/MatchableObject.cc
inet/common/MemoryInputStream.cc
inet/common/MemoryOutputStream.cc
inet/common/MessageDispatcher.cc
inet/common/ModuleAccess.cc
inet/common/NedFunctions.cc
inet/common/NetworkCommunicationFingerprintCalculator.cc
inet/common/NetworkNamespaceContext.cc
inet/common/ObjectPrinter.cc
inet/common/OsgScene.cc
inet/common/OsgUtils.cc
inet/common/PatternMatcher.cc
inet/common/Protocol.cc
inet/common/ProtocolGroup.cc
inet/common/ProtocolTools.cc
inet/common/ResultFilters.cc
inet/common/ResultRecorders.cc
inet/common/ShortBitVector.cc
inet/common/Simsignals.cc
inet/common/StringFormat.cc
inet/common/TlvOptions.cc
inet/common/Topology.cc
inet/common/XMLUtils.cc
inet/common/checksum/EthernetCRC.cc
inet/common/checksum/TcpIpChecksum.cc
inet/common/figures/BarFigure.cc
inet/common/figures/BoxedLabelFigure.cc
inet/common/figures/CounterFigure.cc
inet/common/figures/FigureRecorder.cc
inet/common/figures/GaugeFigure.cc
inet/common/figures/HeatMapFigure.cc
inet/common/figures/HeatMapPlotFigure.cc
inet/common/figures/IndexedImageFigure.cc
inet/common/figures/IndicatorLabelFigure.cc
inet/common/figures/IndicatorTextFigure.cc
inet/common/figures/InstrumentUtil.cc
inet/common/figures/LabeledIconFigure.cc
inet/common/figures/LabeledLineFigure.cc
inet/common/figures/LabeledPolylineFigure.cc
inet/common/figures/LinearGaugeFigure.cc
inet/common/figures/PlotFigure.cc
inet/common/figures/ProgressMeterFigure.cc
inet/common/figures/QueueFigure.cc
inet/common/figures/SignalFigure.cc
inet/common/figures/SimTimeTextFigure.cc
inet/common/figures/ThermometerFigure.cc
inet/common/figures/TrailFigure.cc
inet/common/geometry/base/GeometricObjectBase.cc
inet/common/geometry/base/ShapeBase.cc
inet/common/geometry/common/CanvasProjection.cc
inet/common/geometry/common/Coord.cc
inet/common/geometry/common/EulerAngles.cc
inet/common/geometry/common/GeographicCoordinateSystem.cc
inet/common/geometry/common/Quaternion.cc
inet/common/geometry/common/RotationMatrix.cc
inet/common/geometry/container/BvhTree.cc
inet/common/geometry/container/QuadTree.cc
inet/common/geometry/container/SpatialGrid.cc
inet/common/geometry/object/Box.cc
inet/common/geometry/object/LineSegment.cc
inet/common/geometry/object/Plane.cc
inet/common/geometry/object/Polygon.cc
inet/common/geometry/shape/Cuboid.cc
inet/common/geometry/shape/Prism.cc
inet/common/geometry/shape/Sphere.cc
inet/common/geometry/shape/polyhedron/Polyhedron.cc
inet/common/geometry/shape/polyhedron/PolyhedronEdge.cc
inet/common/geometry/shape/polyhedron/PolyhedronFace.cc
inet/common/geometry/shape/polyhedron/PolyhedronPoint.cc
inet/common/lifecycle/ApplicationOperations.cc
inet/common/lifecycle/InterfaceOperations.cc
inet/common/lifecycle/LifecycleController.cc
inet/common/lifecycle/ModuleOperations.cc
inet/common/lifecycle/NodeStatus.cc
inet/common/lifecycle/OperationalBase.cc
inet/common/misc/MessageChecker.cc
inet/common/misc/NetAnimTrace.cc
inet/common/misc/SignalSource.cc
inet/common/misc/ThruputMeter.cc
inet/common/misc/ThruputMeteringChannel.cc
inet/common/packet/ChunkBuffer.cc
inet/common/packet/ChunkQueue.cc
inet/common/packet/Message.cc
inet/common/packet/Packet.cc
inet/common/packet/PacketFilter.cc
inet/common/packet/ReassemblyBuffer.cc
inet/common/packet/ReorderBuffer.cc
inet/common/packet/chunk/BitCountChunk.cc
inet/common/packet/chunk/BitsChunk.cc
inet/common/packet/chunk/ByteCountChunk.cc
inet/common/packet/chunk/BytesChunk.cc
inet/common/packet/chunk/Chunk.cc
inet/common/packet/chunk/cPacketChunk.cc
inet/common/packet/chunk/EmptyChunk.cc
inet/common/packet/chunk/FieldsChunk.cc
inet/common/packet/chunk/SequenceChunk.cc
inet/common/packet/chunk/SliceChunk.cc
inet/common/packet/dissector/PacketDissector.cc
inet/common/packet/dissector/ProtocolDissector.cc
inet/common/packet/dissector/ProtocolDissectorRegistry.cc
inet/common/packet/printer/PacketPrinter.cc
inet/common/packet/printer/ProtocolPrinter.cc
inet/common/packet/printer/ProtocolPrinterRegistry.cc
inet/common/packet/recorder/PacketDump.cc
inet/common/packet/recorder/PcapReader.cc
inet/common/packet/recorder/PcapRecorder.cc
inet/common/packet/recorder/PcapWriter.cc
inet/common/packet/serializer/BitCountChunkSerializer.cc
inet/common/packet/serializer/BitsChunkSerializer.cc
inet/common/packet/serializer/ByteCountChunkSerializer.cc
inet/common/packet/serializer/BytesChunkSerializer.cc
inet/common/packet/serializer/ChunkSerializer.cc
inet/common/packet/serializer/ChunkSerializerRegistry.cc
inet/common/packet/serializer/EmptyChunkSerializer.cc
inet/common/packet/serializer/FieldsChunkSerializer.cc
inet/common/packet/serializer/SequenceChunkSerializer.cc
inet/common/packet/serializer/SliceChunkSerializer.cc
inet/common/packet/tag/RegionTagSet.cc
inet/common/packet/tag/TagSet.cc
inet/common/scenario/ScenarioManager.cc
inet/common/scheduler/RealTimeScheduler.cc
inet/common/socket/SocketMap.cc
inet/common/streetmap/OpenStreetMap.cc
inet/environment/common/Material.cc
inet/environment/common/MaterialRegistry.cc
inet/environment/common/PhysicalEnvironment.cc
inet/environment/common/PhysicalObject.cc
inet/environment/ground/FlatGround.cc
inet/environment/ground/OsgEarthGround.cc
inet/environment/objectcache/BvhObjectCache.cc
inet/environment/objectcache/GridObjectCache.cc
inet/linklayer/acking/AckingMac.cc
inet/linklayer/acking/AckingMacHeaderSerializer.cc
inet/linklayer/acking/AckingMacProtocolDissector.cc
inet/linklayer/acking/AckingMacProtocolPrinter.cc
inet/linklayer/base/MacProtocolBase.cc
inet/linklayer/bmac/BMac.cc
inet/linklayer/bmac/BMacHeaderSerializer.cc
inet/linklayer/bmac/BMacProtocolDissector.cc
inet/linklayer/bmac/BMacProtocolPrinter.cc
inet/linklayer/common/ExampleQosClassifier.cc
inet/linklayer/common/FcsMode.cc
inet/linklayer/common/MacAddress.cc
inet/linklayer/common/MacAddressType.cc
inet/linklayer/common/QosClassifier.cc
inet/linklayer/common/RandomQosClassifier.cc
inet/linklayer/common/UserPriorityPacketComparatorFunction.cc
inet/linklayer/configurator/Ieee8021dInterfaceData.cc
inet/linklayer/configurator/L2NetworkConfigurator.cc
inet/linklayer/configurator/L2NodeConfigurator.cc
inet/linklayer/csmaca/CsmaCaMac.cc
inet/linklayer/csmaca/CsmaCaMacHeaderSerializer.cc
inet/linklayer/csmaca/CsmaCaMacProtocolDissector.cc
inet/linklayer/csmaca/CsmaCaMacProtocolPrinter.cc
inet/linklayer/ethernet/EtherBus.cc
inet/linklayer/ethernet/EtherEncap.cc
inet/linklayer/ethernet/EtherFrameClassifier.cc
inet/linklayer/ethernet/EtherHub.cc
inet/linklayer/ethernet/EtherMac.cc
inet/linklayer/ethernet/EtherMacBase.cc
inet/linklayer/ethernet/EtherMacFullDuplex.cc
inet/linklayer/ethernet/EthernetHeaderSerializer.cc
inet/linklayer/ethernet/EthernetProtocolDissector.cc
inet/linklayer/ethernet/EthernetProtocolPrinter.cc
inet/linklayer/ethernet/EthernetSocket.cc
inet/linklayer/ethernet/switch/MacAddressTable.cc
inet/linklayer/ethernet/switch/MacRelayUnit.cc
inet/linklayer/ieee80211/llc/Ieee80211EtherTypeHeaderSerializer.cc
inet/linklayer/ieee80211/llc/Ieee80211EtherTypeProtocolDissector.cc
inet/linklayer/ieee80211/llc/Ieee80211EtherTypeProtocolPrinter.cc
inet/linklayer/ieee80211/llc/Ieee80211LlcEpd.cc
inet/linklayer/ieee80211/llc/Ieee80211LlcLpd.cc
inet/linklayer/ieee80211/mac/Ds.cc
inet/linklayer/ieee80211/mac/Ieee80211Mac.cc
inet/linklayer/ieee80211/mac/Ieee80211MacHeaderSerializer.cc
inet/linklayer/ieee80211/mac/Ieee80211MacProtocolDissector.cc
inet/linklayer/ieee80211/mac/Ieee80211MacProtocolPrinter.cc
inet/linklayer/ieee80211/mac/Rx.cc
inet/linklayer/ieee80211/mac/Tx.cc
inet/linklayer/ieee80211/mac/aggregation/BasicMpduAggregationPolicy.cc
inet/linklayer/ieee80211/mac/aggregation/BasicMsduAggregationPolicy.cc
inet/linklayer/ieee80211/mac/aggregation/MpduAggregation.cc
inet/linklayer/ieee80211/mac/aggregation/MpduDeaggregation.cc
inet/linklayer/ieee80211/mac/aggregation/MsduAggregation.cc
inet/linklayer/ieee80211/mac/aggregation/MsduDeaggregation.cc
inet/linklayer/ieee80211/mac/blockack/BlockAckRecord.cc
inet/linklayer/ieee80211/mac/blockack/OriginatorBlockAckAgreementHandler.cc
inet/linklayer/ieee80211/mac/blockack/OriginatorBlockAckAgreementPolicy.cc
inet/linklayer/ieee80211/mac/blockack/OriginatorBlockAckProcedure.cc
inet/linklayer/ieee80211/mac/blockack/RecipientBlockAckAgreement.cc
inet/linklayer/ieee80211/mac/blockack/RecipientBlockAckAgreementHandler.cc
inet/linklayer/ieee80211/mac/blockack/RecipientBlockAckAgreementPolicy.cc
inet/linklayer/ieee80211/mac/blockack/RecipientBlockAckProcedure.cc
inet/linklayer/ieee80211/mac/blockackreordering/BlockAckReordering.cc
inet/linklayer/ieee80211/mac/blockackreordering/ReceiveBuffer.cc
inet/linklayer/ieee80211/mac/channelaccess/Dcaf.cc
inet/linklayer/ieee80211/mac/channelaccess/Edca.cc
inet/linklayer/ieee80211/mac/channelaccess/Edcaf.cc
inet/linklayer/ieee80211/mac/channelaccess/Hcca.cc
inet/linklayer/ieee80211/mac/common/ModeSetListener.cc
inet/linklayer/ieee80211/mac/common/ResultFilters.cc
inet/linklayer/ieee80211/mac/common/SequenceControlField.cc
inet/linklayer/ieee80211/mac/contention/Contention.cc
inet/linklayer/ieee80211/mac/contention/EdcaCollisionController.cc
inet/linklayer/ieee80211/mac/contract/IChannelAccess.cc
inet/linklayer/ieee80211/mac/contract/IContention.cc
inet/linklayer/ieee80211/mac/contract/IFrameSequenceHandler.cc
inet/linklayer/ieee80211/mac/contract/IOriginatorMacDataService.cc
inet/linklayer/ieee80211/mac/contract/IRateSelection.cc
inet/linklayer/ieee80211/mac/contract/IRecipientMacDataService.cc
inet/linklayer/ieee80211/mac/contract/IRecipientQosMacDataService.cc
inet/linklayer/ieee80211/mac/contract/IRecoveryProcedure.cc
inet/linklayer/ieee80211/mac/coordinationfunction/Dcf.cc
inet/linklayer/ieee80211/mac/coordinationfunction/Hcf.cc
inet/linklayer/ieee80211/mac/coordinationfunction/Mcf.cc
inet/linklayer/ieee80211/mac/coordinationfunction/Pcf.cc
inet/linklayer/ieee80211/mac/duplicateremoval/LegacyDuplicateRemoval.cc
inet/linklayer/ieee80211/mac/duplicateremoval/QosDuplicateRemoval.cc
inet/linklayer/ieee80211/mac/fragmentation/BasicFragmentationPolicy.cc
inet/linklayer/ieee80211/mac/fragmentation/BasicReassembly.cc
inet/linklayer/ieee80211/mac/fragmentation/Defragmentation.cc
inet/linklayer/ieee80211/mac/fragmentation/Fragmentation.cc
inet/linklayer/ieee80211/mac/framesequence/DcfFs.cc
inet/linklayer/ieee80211/mac/framesequence/FrameSequenceContext.cc
inet/linklayer/ieee80211/mac/framesequence/FrameSequenceHandler.cc
inet/linklayer/ieee80211/mac/framesequence/GenericFrameSequences.cc
inet/linklayer/ieee80211/mac/framesequence/HcfFs.cc
inet/linklayer/ieee80211/mac/framesequence/HtTxOpFs.cc
inet/linklayer/ieee80211/mac/framesequence/McfFs.cc
inet/linklayer/ieee80211/mac/framesequence/PcfFs.cc
inet/linklayer/ieee80211/mac/framesequence/PrimitiveFrameSequences.cc
inet/linklayer/ieee80211/mac/framesequence/TxOpFs.cc
inet/linklayer/ieee80211/mac/lifetime/DcfReceiveLifetimeHandler.cc
inet/linklayer/ieee80211/mac/lifetime/DcfTransmitLifetimeHandler.cc
inet/linklayer/ieee80211/mac/lifetime/EdcaTransmitLifetimeHandler.cc
inet/linklayer/ieee80211/mac/originator/AckHandler.cc
inet/linklayer/ieee80211/mac/originator/NonQosRecoveryProcedure.cc
inet/linklayer/ieee80211/mac/originator/OriginatorAckPolicy.cc
inet/linklayer/ieee80211/mac/originator/OriginatorMacDataService.cc
inet/linklayer/ieee80211/mac/originator/OriginatorQosAckPolicy.cc
inet/linklayer/ieee80211/mac/originator/OriginatorQosMacDataService.cc
inet/linklayer/ieee80211/mac/originator/QosAckHandler.cc
inet/linklayer/ieee80211/mac/originator/QosRecoveryProcedure.cc
inet/linklayer/ieee80211/mac/originator/QosRtsPolicy.cc
inet/linklayer/ieee80211/mac/originator/RtsPolicy.cc
inet/linklayer/ieee80211/mac/originator/RtsProcedure.cc
inet/linklayer/ieee80211/mac/originator/TxopProcedure.cc
inet/linklayer/ieee80211/mac/protectionmechanism/OriginatorProtectionMechanism.cc
inet/linklayer/ieee80211/mac/protectionmechanism/SingleProtectionMechanism.cc
inet/linklayer/ieee80211/mac/queue/InProgressFrames.cc
inet/linklayer/ieee80211/mac/queue/PendingQueue.cc
inet/linklayer/ieee80211/mac/ratecontrol/AarfRateControl.cc
inet/linklayer/ieee80211/mac/ratecontrol/OnoeRateControl.cc
inet/linklayer/ieee80211/mac/ratecontrol/RateControlBase.cc
inet/linklayer/ieee80211/mac/rateselection/QosRateSelection.cc
inet/linklayer/ieee80211/mac/rateselection/RateSelection.cc
inet/linklayer/ieee80211/mac/recipient/CtsPolicy.cc
inet/linklayer/ieee80211/mac/recipient/CtsProcedure.cc
inet/linklayer/ieee80211/mac/recipient/QosCtsPolicy.cc
inet/linklayer/ieee80211/mac/recipient/RecipientAckPolicy.cc
inet/linklayer/ieee80211/mac/recipient/RecipientAckProcedure.cc
inet/linklayer/ieee80211/mac/recipient/RecipientMacDataService.cc
inet/linklayer/ieee80211/mac/recipient/RecipientQosAckPolicy.cc
inet/linklayer/ieee80211/mac/recipient/RecipientQosMacDataService.cc
inet/linklayer/ieee80211/mac/sequencenumberassignment/LegacySequenceNumberAssigment.cc
inet/linklayer/ieee80211/mac/sequencenumberassignment/NonQoSSequenceNumberAssignment.cc
inet/linklayer/ieee80211/mac/sequencenumberassignment/QoSSequenceNumberAssignment.cc
inet/linklayer/ieee80211/mgmt/Ieee80211AgentSta.cc
inet/linklayer/ieee80211/mgmt/Ieee80211MgmtAdhoc.cc
inet/linklayer/ieee80211/mgmt/Ieee80211MgmtAp.cc
inet/linklayer/ieee80211/mgmt/Ieee80211MgmtApBase.cc
inet/linklayer/ieee80211/mgmt/Ieee80211MgmtApSimplified.cc
inet/linklayer/ieee80211/mgmt/Ieee80211MgmtBase.cc
inet/linklayer/ieee80211/mgmt/Ieee80211MgmtFrameSerializer.cc
inet/linklayer/ieee80211/mgmt/Ieee80211MgmtProtocolDissector.cc
inet/linklayer/ieee80211/mgmt/Ieee80211MgmtProtocolPrinter.cc
inet/linklayer/ieee80211/mgmt/Ieee80211MgmtSta.cc
inet/linklayer/ieee80211/mgmt/Ieee80211MgmtStaSimplified.cc
inet/linklayer/ieee80211/mib/Ieee80211Mib.cc
inet/linklayer/ieee80211/portal/Ieee80211Portal.cc
inet/linklayer/ieee802154/Ieee802154Mac.cc
inet/linklayer/ieee802154/Ieee802154ProtocolDissector.cc
inet/linklayer/ieee8021d/common/Ieee8021dBpduSerializer.cc
inet/linklayer/ieee8021d/common/StpBase.cc
inet/linklayer/ieee8021d/relay/Ieee8021dRelay.cc
inet/linklayer/ieee8021d/rstp/Rstp.cc
inet/linklayer/ieee8021d/stp/Stp.cc
inet/linklayer/ieee8021d/stp/StpProtocolDissector.cc
inet/linklayer/ieee8021d/tester/StpTester.cc
inet/linklayer/ieee8021q/Ieee8021qEncap.cc
inet/linklayer/ieee8022/Ieee8022Llc.cc
inet/linklayer/ieee8022/Ieee8022LlcHeaderSerializer.cc
inet/linklayer/ieee8022/Ieee8022LlcProtocolDissector.cc
inet/linklayer/ieee8022/Ieee8022LlcProtocolPrinter.cc
inet/linklayer/ieee8022/Ieee8022LlcSocket.cc
inet/linklayer/lmac/LMac.cc
inet/linklayer/lmac/LMacProtocolDissector.cc
inet/linklayer/lmac/LMacProtocolPrinter.cc
inet/linklayer/loopback/Loopback.cc
inet/linklayer/ppp/Ppp.cc
inet/linklayer/ppp/PppHeaderSerializer.cc
inet/linklayer/ppp/PppProtocolDissector.cc
inet/linklayer/ppp/PppProtocolPrinter.cc
inet/linklayer/shortcut/ShortcutMac.cc
inet/linklayer/shortcut/ShortcutMacProtocolDissector.cc
inet/linklayer/tun/Tun.cc
inet/linklayer/tun/TunSocket.cc
inet/linklayer/vlan/VlanTunnel.cc
inet/linklayer/xmac/XMac.cc
inet/linklayer/xmac/XMacHeaderSerializer.cc
inet/linklayer/xmac/XMacProtocolDissector.cc
inet/linklayer/xmac/XMacProtocolPrinter.cc
inet/mobility/base/LinearRotatingMobilityBase.cc
inet/mobility/base/LineSegmentsMobilityBase.cc
inet/mobility/base/MobilityBase.cc
inet/mobility/base/MovingMobilityBase.cc
inet/mobility/base/RotatingMobilityBase.cc
inet/mobility/contract/IMobility.cc
inet/mobility/group/MoBanCoordinator.cc
inet/mobility/group/MoBanLocal.cc
inet/mobility/group/Posture.cc
inet/mobility/group/PostureTransition.cc
inet/mobility/single/AnsimMobility.cc
inet/mobility/single/AttachedMobility.cc
inet/mobility/single/BonnMotionFileCache.cc
inet/mobility/single/BonnMotionMobility.cc
inet/mobility/single/ChiangMobility.cc
inet/mobility/single/CircleMobility.cc
inet/mobility/single/FacingMobility.cc
inet/mobility/single/GaussMarkovMobility.cc
inet/mobility/single/LinearMobility.cc
inet/mobility/single/MassMobility.cc
inet/mobility/single/Ns2MotionMobility.cc
inet/mobility/single/RandomWaypointMobility.cc
inet/mobility/single/RectangleMobility.cc
inet/mobility/single/SuperpositioningMobility.cc
inet/mobility/single/TractorMobility.cc
inet/mobility/single/TurtleMobility.cc
inet/mobility/single/VehicleMobility.cc
inet/mobility/static/StaticConcentricMobility.cc
inet/mobility/static/StaticGridMobility.cc
inet/mobility/static/StaticLinearMobility.cc
inet/mobility/static/StationaryMobility.cc
inet/networklayer/arp/ipv4/Arp.cc
inet/networklayer/arp/ipv4/ArpPacket.cc
inet/networklayer/arp/ipv4/ArpPacketSerializer.cc
inet/networklayer/arp/ipv4/ArpProtocolDissector.cc
inet/networklayer/arp/ipv4/ArpProtocolPrinter.cc
inet/networklayer/arp/ipv4/GlobalArp.cc
inet/networklayer/base/NetworkProtocolBase.cc
inet/networklayer/common/EchoPacketSerializer.cc
inet/networklayer/common/EchoProtocol.cc
inet/networklayer/common/EchoProtocolDissector.cc
inet/networklayer/common/EchoProtocolPrinter.cc
inet/networklayer/common/InterfaceEntry.cc
inet/networklayer/common/InterfaceMatcher.cc
inet/networklayer/common/InterfaceTable.cc
inet/networklayer/common/L3Address.cc
inet/networklayer/common/L3AddressResolver.cc
inet/networklayer/common/L3Tools.cc
inet/networklayer/common/ModuleIdAddress.cc
inet/networklayer/common/ModuleIdAddressType.cc
inet/networklayer/common/ModulePathAddress.cc
inet/networklayer/common/ModulePathAddressType.cc
inet/networklayer/common/NetfilterInfoHook.cc
inet/networklayer/configurator/base/NetworkConfiguratorBase.cc
inet/networklayer/configurator/ipv4/HostAutoConfigurator.cc
inet/networklayer/configurator/ipv4/Ipv4FlatNetworkConfigurator.cc
inet/networklayer/configurator/ipv4/Ipv4NetworkConfigurator.cc
inet/networklayer/configurator/ipv4/Ipv4NodeConfigurator.cc
inet/networklayer/configurator/ipv6/Ipv6FlatNetworkConfigurator.cc
inet/networklayer/configurator/nexthop/NextHopNetworkConfigurator.cc
inet/networklayer/contract/IArp.cc
inet/networklayer/contract/IRoute.cc
inet/networklayer/contract/L3Socket.cc
inet/networklayer/contract/NetworkHeaderBase.cc
inet/networklayer/contract/clns/ClnsAddress.cc
inet/networklayer/contract/clns/ClnsAddressType.cc
inet/networklayer/contract/ipv4/Ipv4Address.cc
inet/networklayer/contract/ipv4/Ipv4AddressType.cc
inet/networklayer/contract/ipv4/Ipv4Socket.cc
inet/networklayer/contract/ipv6/Ipv6Address.cc
inet/networklayer/contract/ipv6/Ipv6AddressType.cc
inet/networklayer/contract/ipv6/Ipv6Socket.cc
inet/networklayer/diffserv/BehaviorAggregateClassifier.cc
inet/networklayer/diffserv/DiffservUtil.cc
inet/networklayer/diffserv/DscpMarker.cc
inet/networklayer/diffserv/MultiFieldClassifier.cc
inet/networklayer/diffserv/PacketMeterBase.cc
inet/networklayer/diffserv/SingleRateThreeColorMeter.cc
inet/networklayer/diffserv/TokenBucketMeter.cc
inet/networklayer/diffserv/TwoRateThreeColorMeter.cc
inet/networklayer/flooding/Flooding.cc
inet/networklayer/flooding/FloodingProtocolDissector.cc
inet/networklayer/flooding/FloodingProtocolPrinter.cc
inet/networklayer/icmpv6/Icmpv6.cc
inet/networklayer/icmpv6/Icmpv6HeaderSerializer.cc
inet/networklayer/icmpv6/Icmpv6ProtocolDissector.cc
inet/networklayer/icmpv6/Icmpv6ProtocolPrinter.cc
inet/networklayer/icmpv6/Ipv6NdMessage.cc
inet/networklayer/icmpv6/Ipv6NeighbourCache.cc
inet/networklayer/icmpv6/Ipv6NeighbourDiscovery.cc
inet/networklayer/internetcloud/CloudDelayerBase.cc
inet/networklayer/internetcloud/MatrixCloudDelayer.cc
inet/networklayer/ipv4/Icmp.cc
inet/networklayer/ipv4/IcmpHeaderSerializer.cc
inet/networklayer/ipv4/IcmpProtocolDissector.cc
inet/networklayer/ipv4/IcmpProtocolPrinter.cc
inet/networklayer/ipv4/IgmpHeaderSerializer.cc
inet/networklayer/ipv4/IgmpProtocolDissector.cc
inet/networklayer/ipv4/IgmpProtocolPrinter.cc
inet/networklayer/ipv4/Igmpv2.cc
inet/networklayer/ipv4/Igmpv3.cc
inet/networklayer/ipv4/Ipv4.cc
inet/networklayer/ipv4/Ipv4FragBuf.cc
inet/networklayer/ipv4/Ipv4Header.cc
inet/networklayer/ipv4/Ipv4HeaderSerializer.cc
inet/networklayer/ipv4/Ipv4InterfaceData.cc
inet/networklayer/ipv4/Ipv4NatTable.cc
inet/networklayer/ipv4/Ipv4NetworkLayer.cc
inet/networklayer/ipv4/Ipv4ProtocolDissector.cc
inet/networklayer/ipv4/Ipv4ProtocolPrinter.cc
inet/networklayer/ipv4/Ipv4Route.cc
inet/networklayer/ipv4/Ipv4RoutingTable.cc
inet/networklayer/ipv4/NetworkInfo.cc
inet/networklayer/ipv4/RoutingTableParser.cc
inet/networklayer/ipv4/RoutingTableRecorder.cc
inet/networklayer/ipv6/Ipv6.cc
inet/networklayer/ipv6/Ipv6ExtHeaderTagBase.cc
inet/networklayer/ipv6/Ipv6FragBuf.cc
inet/networklayer/ipv6/Ipv6Header.cc
inet/networklayer/ipv6/Ipv6HeaderSerializer.cc
inet/networklayer/ipv6/Ipv6InterfaceData.cc
inet/networklayer/ipv6/Ipv6ProtocolDissector.cc
inet/networklayer/ipv6/Ipv6ProtocolPrinter.cc
inet/networklayer/ipv6/Ipv6Route.cc
inet/networklayer/ipv6/Ipv6RoutingTable.cc
inet/networklayer/ipv6tunneling/Ipv6Tunneling.cc
inet/networklayer/ldp/Ldp.cc
inet/networklayer/mpls/LibTable.cc
inet/networklayer/mpls/Mpls.cc
inet/networklayer/mpls/MplsPacket.cc
inet/networklayer/mpls/MplsPacketSerializer.cc
inet/networklayer/mpls/MplsProtocolDissector.cc
inet/networklayer/nexthop/NextHopForwarding.cc
inet/networklayer/nexthop/NextHopInterfaceData.cc
inet/networklayer/nexthop/NextHopProtocolDissector.cc
inet/networklayer/nexthop/NextHopProtocolPrinter.cc
inet/networklayer/nexthop/NextHopRoute.cc
inet/networklayer/nexthop/NextHopRoutingTable.cc
inet/networklayer/probabilistic/AdaptiveProbabilisticBroadcast.cc
inet/networklayer/probabilistic/ProbabilisticBroadcast.cc
inet/networklayer/probabilistic/ProbabilisticProtocolDissector.cc
inet/networklayer/probabilistic/ProbabilisticProtocolPrinter.cc
inet/networklayer/rsvpte/RsvpClassifier.cc
inet/networklayer/rsvpte/RsvpProtocolDissector.cc
inet/networklayer/rsvpte/RsvpTe.cc
inet/networklayer/rsvpte/Utils.cc
inet/networklayer/ted/LinkStateRouting.cc
inet/networklayer/ted/LsrProtocolDissector.cc
inet/networklayer/ted/Ted.cc
inet/networklayer/wiseroute/WiseRoute.cc
inet/networklayer/wiseroute/WiseRouteProtocolDissector.cc
inet/networklayer/wiseroute/WiseRouteProtocolPrinter.cc
inet/networklayer/xmipv6/BindingCache.cc
inet/networklayer/xmipv6/BindingUpdateList.cc
inet/networklayer/xmipv6/xMIPv6.cc
inet/physicallayer/analogmodel/bitlevel/DimensionalSignalAnalogModel.cc
inet/physicallayer/analogmodel/bitlevel/LayeredDimensionalAnalogModel.cc
inet/physicallayer/analogmodel/bitlevel/LayeredScalarAnalogModel.cc
inet/physicallayer/analogmodel/bitlevel/ScalarSignalAnalogModel.cc
inet/physicallayer/analogmodel/bitlevel/SignalAnalogModel.cc
inet/physicallayer/analogmodel/packetlevel/DimensionalAnalogModel.cc
inet/physicallayer/analogmodel/packetlevel/DimensionalNoise.cc
inet/physicallayer/analogmodel/packetlevel/DimensionalReception.cc
inet/physicallayer/analogmodel/packetlevel/DimensionalSnir.cc
inet/physicallayer/analogmodel/packetlevel/DimensionalTransmission.cc
inet/physicallayer/analogmodel/packetlevel/ScalarAnalogModel.cc
inet/physicallayer/analogmodel/packetlevel/ScalarNoise.cc
inet/physicallayer/analogmodel/packetlevel/ScalarReception.cc
inet/physicallayer/analogmodel/packetlevel/ScalarSnir.cc
inet/physicallayer/analogmodel/packetlevel/ScalarTransmission.cc
inet/physicallayer/antenna/AxiallySymmetricAntenna.cc
inet/physicallayer/antenna/ConstantGainAntenna.cc
inet/physicallayer/antenna/CosineAntenna.cc
inet/physicallayer/antenna/DipoleAntenna.cc
inet/physicallayer/antenna/InterpolatingAntenna.cc
inet/physicallayer/antenna/IsotropicAntenna.cc
inet/physicallayer/antenna/ParabolicAntenna.cc
inet/physicallayer/apskradio/bitlevel/ApskCode.cc
inet/physicallayer/apskradio/bitlevel/ApskDecoder.cc
inet/physicallayer/apskradio/bitlevel/ApskDemodulator.cc
inet/physicallayer/apskradio/bitlevel/ApskEncoder.cc
inet/physicallayer/apskradio/bitlevel/ApskLayeredReceiver.cc
inet/physicallayer/apskradio/bitlevel/ApskLayeredTransmitter.cc
inet/physicallayer/apskradio/bitlevel/ApskModulator.cc
inet/physicallayer/apskradio/bitlevel/ApskPhyHeaderSerializer.cc
inet/physicallayer/apskradio/bitlevel/errormodel/ApskLayeredErrorModel.cc
inet/physicallayer/apskradio/packetlevel/ApskDimensionalReceiver.cc
inet/physicallayer/apskradio/packetlevel/ApskDimensionalTransmission.cc
inet/physicallayer/apskradio/packetlevel/ApskDimensionalTransmitter.cc
inet/physicallayer/apskradio/packetlevel/ApskProtocolDissector.cc
inet/physicallayer/apskradio/packetlevel/ApskRadio.cc
inet/physicallayer/apskradio/packetlevel/ApskScalarReceiver.cc
inet/physicallayer/apskradio/packetlevel/ApskScalarTransmission.cc
inet/physicallayer/apskradio/packetlevel/ApskScalarTransmitter.cc
inet/physicallayer/apskradio/packetlevel/errormodel/ApskErrorModel.cc
inet/physicallayer/backgroundnoise/DimensionalBackgroundNoise.cc
inet/physicallayer/backgroundnoise/IsotropicDimensionalBackgroundNoise.cc
inet/physicallayer/backgroundnoise/IsotropicScalarBackgroundNoise.cc
inet/physicallayer/base/bitlevel/LayeredErrorModelBase.cc
inet/physicallayer/base/packetlevel/AnalogModelBase.cc
inet/physicallayer/base/packetlevel/AntennaBase.cc
inet/physicallayer/base/packetlevel/ApskModulationBase.cc
inet/physicallayer/base/packetlevel/CommunicationCacheBase.cc
inet/physicallayer/base/packetlevel/DimensionalAnalogModelBase.cc
inet/physicallayer/base/packetlevel/DimensionalTransmitterBase.cc
inet/physicallayer/base/packetlevel/DpskModulationBase.cc
inet/physicallayer/base/packetlevel/ErrorModelBase.cc
inet/physicallayer/base/packetlevel/FlatRadioBase.cc
inet/physicallayer/base/packetlevel/FlatReceiverBase.cc
inet/physicallayer/base/packetlevel/FlatReceptionBase.cc
inet/physicallayer/base/packetlevel/FlatTransmissionBase.cc
inet/physicallayer/base/packetlevel/FlatTransmitterBase.cc
inet/physicallayer/base/packetlevel/GfskModulationBase.cc
inet/physicallayer/base/packetlevel/ListeningBase.cc
inet/physicallayer/base/packetlevel/MqamModulationBase.cc
inet/physicallayer/base/packetlevel/NarrowbandNoiseBase.cc
inet/physicallayer/base/packetlevel/NarrowbandRadioBase.cc
inet/physicallayer/base/packetlevel/NarrowbandReceiverBase.cc
inet/physicallayer/base/packetlevel/NarrowbandReceptionBase.cc
inet/physicallayer/base/packetlevel/NarrowbandTransmissionBase.cc
inet/physicallayer/base/packetlevel/NarrowbandTransmitterBase.cc
inet/physicallayer/base/packetlevel/NoiseBase.cc
inet/physicallayer/base/packetlevel/PathLossBase.cc
inet/physicallayer/base/packetlevel/PhysicalLayerBase.cc
inet/physicallayer/base/packetlevel/PpmModulationBase.cc
inet/physicallayer/base/packetlevel/PropagationBase.cc
inet/physicallayer/base/packetlevel/ReceiverBase.cc
inet/physicallayer/base/packetlevel/ReceptionBase.cc
inet/physicallayer/base/packetlevel/ScalarAnalogModelBase.cc
inet/physicallayer/base/packetlevel/SnirBase.cc
inet/physicallayer/base/packetlevel/SnirReceiverBase.cc
inet/physicallayer/base/packetlevel/TracingObstacleLossBase.cc
inet/physicallayer/base/packetlevel/TransmissionBase.cc
inet/physicallayer/base/packetlevel/TransmitterBase.cc
inet/physicallayer/common/bitlevel/AdditiveScrambler.cc
inet/physicallayer/common/bitlevel/AdditiveScramblerModule.cc
inet/physicallayer/common/bitlevel/AdditiveScrambling.cc
inet/physicallayer/common/bitlevel/AnalogDigitalConverter.cc
inet/physicallayer/common/bitlevel/ConvolutionalCode.cc
inet/physicallayer/common/bitlevel/ConvolutionalCoder.cc
inet/physicallayer/common/bitlevel/ConvolutionalCoderModule.cc
inet/physicallayer/common/bitlevel/DigitalAnalogConverter.cc
inet/physicallayer/common/bitlevel/LayeredReception.cc
inet/physicallayer/common/bitlevel/LayeredReceptionResult.cc
inet/physicallayer/common/bitlevel/LayeredTransmission.cc
inet/physicallayer/common/bitlevel/PulseFilter.cc
inet/physicallayer/common/bitlevel/PulseShaper.cc
inet/physicallayer/common/bitlevel/SignalBitModel.cc
inet/physicallayer/common/bitlevel/SignalPacketModel.cc
inet/physicallayer/common/bitlevel/SignalSampleModel.cc
inet/physicallayer/common/bitlevel/SignalSymbolModel.cc
inet/physicallayer/common/packetlevel/Arrival.cc
inet/physicallayer/common/packetlevel/BandListening.cc
inet/physicallayer/common/packetlevel/CommunicationLog.cc
inet/physicallayer/common/packetlevel/Interference.cc
inet/physicallayer/common/packetlevel/ListeningDecision.cc
inet/physicallayer/common/packetlevel/MediumLimitCache.cc
inet/physicallayer/common/packetlevel/NoiseDimensionalTransmitter.cc
inet/physicallayer/common/packetlevel/NoiseSource.cc
inet/physicallayer/common/packetlevel/Radio.cc
inet/physicallayer/common/packetlevel/RadioMedium.cc
inet/physicallayer/common/packetlevel/ReceptionDecision.cc
inet/physicallayer/common/packetlevel/ReceptionResult.cc
inet/physicallayer/common/packetlevel/Signal.cc
inet/physicallayer/communicationcache/MapCommunicationCache.cc
inet/physicallayer/communicationcache/ReferenceCommunicationCache.cc
inet/physicallayer/communicationcache/VectorCommunicationCache.cc
inet/physicallayer/contract/packetlevel/INew.cc
inet/physicallayer/contract/packetlevel/IRadio.cc
inet/physicallayer/contract/packetlevel/IRadioMedium.cc
inet/physicallayer/contract/packetlevel/IRadioSignal.cc
inet/physicallayer/contract/packetlevel/ITracingObstacleLoss.cc
inet/physicallayer/contract/packetlevel/ITransmission.cc
inet/physicallayer/energyconsumer/StateBasedCcEnergyConsumer.cc
inet/physicallayer/energyconsumer/StateBasedEpEnergyConsumer.cc
inet/physicallayer/errormodel/bitlevel/StochasticLayeredErrorModel.cc
inet/physicallayer/errormodel/packetlevel/StochasticErrorModel.cc
inet/physicallayer/ethernet/EtherPhy.cc
inet/physicallayer/ieee80211/bitlevel/Ieee80211ConvolutionalCode.cc
inet/physicallayer/ieee80211/bitlevel/Ieee80211HtInterleaving.cc
inet/physicallayer/ieee80211/bitlevel/Ieee80211LayeredOfdmReceiver.cc
inet/physicallayer/ieee80211/bitlevel/Ieee80211LayeredOfdmTransmitter.cc
inet/physicallayer/ieee80211/bitlevel/Ieee80211LayeredTransmission.cc
inet/physicallayer/ieee80211/bitlevel/Ieee80211OfdmDecoder.cc
inet/physicallayer/ieee80211/bitlevel/Ieee80211OfdmDecoderModule.cc
inet/physicallayer/ieee80211/bitlevel/Ieee80211OfdmDemodulator.cc
inet/physicallayer/ieee80211/bitlevel/Ieee80211OfdmDemodulatorModule.cc
inet/physicallayer/ieee80211/bitlevel/Ieee80211OfdmEncoder.cc
inet/physicallayer/ieee80211/bitlevel/Ieee80211OfdmEncoderModule.cc
inet/physicallayer/ieee80211/bitlevel/Ieee80211OfdmInterleaver.cc
inet/physicallayer/ieee80211/bitlevel/Ieee80211OfdmInterleaverModule.cc
inet/physicallayer/ieee80211/bitlevel/Ieee80211OfdmInterleaving.cc
inet/physicallayer/ieee80211/bitlevel/Ieee80211OfdmModulator.cc
inet/physicallayer/ieee80211/bitlevel/Ieee80211OfdmModulatorModule.cc
inet/physicallayer/ieee80211/bitlevel/Ieee80211OfdmRadio.cc
inet/physicallayer/ieee80211/bitlevel/Ieee80211OfdmSymbol.cc
inet/physicallayer/ieee80211/bitlevel/Ieee80211OfdmSymbolModel.cc
inet/physicallayer/ieee80211/bitlevel/Ieee80211VhtInterleaving.cc
inet/physicallayer/ieee80211/bitlevel/errormodel/Ieee80211OfdmErrorModel.cc
inet/physicallayer/ieee80211/mode/Ieee80211Band.cc
inet/physicallayer/ieee80211/mode/Ieee80211Channel.cc
inet/physicallayer/ieee80211/mode/Ieee80211DsssMode.cc
inet/physicallayer/ieee80211/mode/Ieee80211DsssOfdmMode.cc
inet/physicallayer/ieee80211/mode/Ieee80211ErpOfdmMode.cc
inet/physicallayer/ieee80211/mode/Ieee80211FhssMode.cc
inet/physicallayer/ieee80211/mode/Ieee80211HrDsssMode.cc
inet/physicallayer/ieee80211/mode/Ieee80211HtCode.cc
inet/physicallayer/ieee80211/mode/Ieee80211HtMode.cc
inet/physicallayer/ieee80211/mode/Ieee80211IrMode.cc
inet/physicallayer/ieee80211/mode/Ieee80211ModeBase.cc
inet/physicallayer/ieee80211/mode/Ieee80211ModeSet.cc
inet/physicallayer/ieee80211/mode/Ieee80211OfdmCode.cc
inet/physicallayer/ieee80211/mode/Ieee80211OfdmMode.cc
inet/physicallayer/ieee80211/mode/Ieee80211OfdmModulation.cc
inet/physicallayer/ieee80211/mode/Ieee80211VhtCode.cc
inet/physicallayer/ieee80211/mode/Ieee80211VhtMode.cc
inet/physicallayer/ieee80211/packetlevel/Ieee80211DimensionalReceiver.cc
inet/physicallayer/ieee80211/packetlevel/Ieee80211DimensionalTransmission.cc
inet/physicallayer/ieee80211/packetlevel/Ieee80211DimensionalTransmitter.cc
inet/physicallayer/ieee80211/packetlevel/Ieee80211PhyHeaderSerializer.cc
inet/physicallayer/ieee80211/packetlevel/Ieee80211PhyProtocolDissector.cc
inet/physicallayer/ieee80211/packetlevel/Ieee80211PhyProtocolPrinter.cc
inet/physicallayer/ieee80211/packetlevel/Ieee80211Radio.cc
inet/physicallayer/ieee80211/packetlevel/Ieee80211ReceiverBase.cc
inet/physicallayer/ieee80211/packetlevel/Ieee80211ScalarReceiver.cc
inet/physicallayer/ieee80211/packetlevel/Ieee80211ScalarTransmission.cc
inet/physicallayer/ieee80211/packetlevel/Ieee80211ScalarTransmitter.cc
inet/physicallayer/ieee80211/packetlevel/Ieee80211TransmissionBase.cc
inet/physicallayer/ieee80211/packetlevel/Ieee80211TransmitterBase.cc
inet/physicallayer/ieee80211/packetlevel/Ieee80211UnitDiskReceiver.cc
inet/physicallayer/ieee80211/packetlevel/Ieee80211UnitDiskTransmission.cc
inet/physicallayer/ieee80211/packetlevel/Ieee80211UnitDiskTransmitter.cc
inet/physicallayer/ieee80211/packetlevel/errormodel/BerParseFile.cc
inet/physicallayer/ieee80211/packetlevel/errormodel/DsssErrorRateModel.cc
inet/physicallayer/ieee80211/packetlevel/errormodel/Ieee80211BerTableErrorModel.cc
inet/physicallayer/ieee80211/packetlevel/errormodel/Ieee80211ErrorModelBase.cc
inet/physicallayer/ieee80211/packetlevel/errormodel/Ieee80211NistErrorModel.cc
inet/physicallayer/ieee80211/packetlevel/errormodel/Ieee80211YansErrorModel.cc
inet/physicallayer/ieee802154/bitlevel/Ieee802154UwbIrMode.cc
inet/physicallayer/ieee802154/bitlevel/Ieee802154UwbIrReceiver.cc
inet/physicallayer/ieee802154/bitlevel/Ieee802154UwbIrTransmitter.cc
inet/physicallayer/ieee802154/packetlevel/Ieee802154NarrowbandDimensionalReceiver.cc
inet/physicallayer/ieee802154/packetlevel/Ieee802154NarrowbandDimensionalTransmitter.cc
inet/physicallayer/ieee802154/packetlevel/Ieee802154NarrowbandScalarReceiver.cc
inet/physicallayer/ieee802154/packetlevel/Ieee802154NarrowbandScalarTransmitter.cc
inet/physicallayer/modulation/16PpmModulation.cc
inet/physicallayer/modulation/2GfskModulation.cc
inet/physicallayer/modulation/4GfskModulation.cc
inet/physicallayer/modulation/4PpmModulation.cc
inet/physicallayer/modulation/BpskModulation.cc
inet/physicallayer/modulation/DbpskModulation.cc
inet/physicallayer/modulation/DqpskModulation.cc
inet/physicallayer/modulation/DsssOqpsk16Modulation.cc
inet/physicallayer/modulation/MaskModulation.cc
inet/physicallayer/modulation/MfskModulation.cc
inet/physicallayer/modulation/MpskModulation.cc
inet/physicallayer/modulation/MqamModulation.cc
inet/physicallayer/modulation/Qam1024Modulation.cc
inet/physicallayer/modulation/Qam16Modulation.cc
inet/physicallayer/modulation/Qam256Modulation.cc
inet/physicallayer/modulation/Qam64Modulation.cc
inet/physicallayer/modulation/QbpskModulation.cc
inet/physicallayer/modulation/QpskModulation.cc
inet/physicallayer/neighborcache/GridNeighborCache.cc
inet/physicallayer/neighborcache/NeighborListNeighborCache.cc
inet/physicallayer/neighborcache/QuadTreeNeighborCache.cc
inet/physicallayer/obstacleloss/DielectricObstacleLoss.cc
inet/physicallayer/obstacleloss/IdealObstacleLoss.cc
inet/physicallayer/pathloss/BreakpointPathLoss.cc
inet/physicallayer/pathloss/FreeSpacePathLoss.cc
inet/physicallayer/pathloss/LogNormalShadowing.cc
inet/physicallayer/pathloss/NakagamiFading.cc
inet/physicallayer/pathloss/RayleighFading.cc
inet/physicallayer/pathloss/RicianFading.cc
inet/physicallayer/pathloss/SuiPathLoss.cc
inet/physicallayer/pathloss/TwoRayGroundReflection.cc
inet/physicallayer/pathloss/TwoRayInterference.cc
inet/physicallayer/pathloss/UwbIrStochasticPathLoss.cc
inet/physicallayer/propagation/ConstantSpeedPropagation.cc
inet/physicallayer/propagation/ConstantTimePropagation.cc
inet/physicallayer/shortcut/ShortcutPhyProtocolDissector.cc
inet/physicallayer/shortcut/ShortcutRadio.cc
inet/physicallayer/unitdisk/UnitDiskAnalogModel.cc
inet/physicallayer/unitdisk/UnitDiskListening.cc
inet/physicallayer/unitdisk/UnitDiskNoise.cc
inet/physicallayer/unitdisk/UnitDiskPhyHeaderSerializer.cc
inet/physicallayer/unitdisk/UnitDiskProtocolDissector.cc
inet/physicallayer/unitdisk/UnitDiskRadio.cc
inet/physicallayer/unitdisk/UnitDiskReceiver.cc
inet/physicallayer/unitdisk/UnitDiskReception.cc
inet/physicallayer/unitdisk/UnitDiskSnir.cc
inet/physicallayer/unitdisk/UnitDiskTransmission.cc
inet/physicallayer/unitdisk/UnitDiskTransmitter.cc
inet/power/base/CcEnergySinkBase.cc
inet/power/base/CcEnergySourceBase.cc
inet/power/base/CcEnergyStorageBase.cc
inet/power/base/EnergySinkBase.cc
inet/power/base/EnergySourceBase.cc
inet/power/base/EnergyStorageBase.cc
inet/power/base/EpEnergySinkBase.cc
inet/power/base/EpEnergySourceBase.cc
inet/power/base/EpEnergyStorageBase.cc
inet/power/consumer/AlternatingEpEnergyConsumer.cc
inet/power/contract/ICcEnergyConsumer.cc
inet/power/contract/ICcEnergyGenerator.cc
inet/power/contract/ICcEnergySink.cc
inet/power/contract/ICcEnergySource.cc
inet/power/contract/ICcEnergyStorage.cc
inet/power/contract/IEpEnergyConsumer.cc
inet/power/contract/IEpEnergyGenerator.cc
inet/power/contract/IEpEnergySink.cc
inet/power/contract/IEpEnergySource.cc
inet/power/contract/IEpEnergyStorage.cc
inet/power/generator/AlternatingEpEnergyGenerator.cc
inet/power/management/SimpleEpEnergyManagement.cc
inet/power/storage/IdealEpEnergyStorage.cc
inet/power/storage/SimpleCcBattery.cc
inet/power/storage/SimpleEpEnergyStorage.cc
inet/queueing/base/PacketBufferBase.cc
inet/queueing/base/PacketClassifierBase.cc
inet/queueing/base/PacketDuplicatorBase.cc
inet/queueing/base/PacketFilterBase.cc
inet/queueing/base/PacketLabelerBase.cc
inet/queueing/base/PacketMarkerBase.cc
inet/queueing/base/PacketMeterBase.cc
inet/queueing/base/PacketProcessorBase.cc
inet/queueing/base/PacketQueueBase.cc
inet/queueing/base/PacketQueueingElementBase.cc
inet/queueing/base/PacketSchedulerBase.cc
inet/queueing/base/PacketServerBase.cc
inet/queueing/base/PacketSinkBase.cc
inet/queueing/base/PacketSourceBase.cc
inet/queueing/base/PacketTaggerBase.cc
inet/queueing/base/PassivePacketSinkBase.cc
inet/queueing/base/TokenGeneratorBase.cc
inet/queueing/buffer/PacketBuffer.cc
inet/queueing/classifier/ContentBasedClassifier.cc
inet/queueing/classifier/LabelClassifier.cc
inet/queueing/classifier/MarkovClassifier.cc
inet/queueing/classifier/PacketClassifier.cc
inet/queueing/classifier/PriorityClassifier.cc
inet/queueing/classifier/WrrClassifier.cc
inet/queueing/common/OrdinalBasedDuplicator.cc
inet/queueing/common/PacketCloner.cc
inet/queueing/common/PacketDelayer.cc
inet/queueing/common/PacketDemultiplexer.cc
inet/queueing/common/PacketDuplicator.cc
inet/queueing/common/PacketGate.cc
inet/queueing/common/PacketMultiplexer.cc
inet/queueing/compat/cpacketqueue.cc
inet/queueing/compat/cqueue.cc
inet/queueing/filter/ContentBasedFilter.cc
inet/queueing/filter/OrdinalBasedDropper.cc
inet/queueing/filter/PacketFilter.cc
inet/queueing/filter/RateLimiter.cc
inet/queueing/filter/RedDropper.cc
inet/queueing/function/PacketClassifierFunction.cc
inet/queueing/function/PacketComparatorFunction.cc
inet/queueing/function/PacketDropperFunction.cc
inet/queueing/function/PacketFilterFunction.cc
inet/queueing/function/PacketSchedulerFunction.cc
inet/queueing/marker/ContentBasedLabeler.cc
inet/queueing/marker/ContentBasedTagger.cc
inet/queueing/marker/EcnMarker.cc
inet/queueing/marker/PacketLabeler.cc
inet/queueing/marker/PacketTagger.cc
inet/queueing/meter/RateMeter.cc
inet/queueing/queue/CompoundPacketQueue.cc
inet/queueing/queue/PacketQueue.cc
inet/queueing/scheduler/ContentBasedScheduler.cc
inet/queueing/scheduler/LabelScheduler.cc
inet/queueing/scheduler/MarkovScheduler.cc
inet/queueing/scheduler/PacketScheduler.cc
inet/queueing/scheduler/PriorityScheduler.cc
inet/queueing/scheduler/WrrScheduler.cc
inet/queueing/server/PacketServer.cc
inet/queueing/server/TokenBasedServer.cc
inet/queueing/sink/ActivePacketSink.cc
inet/queueing/sink/PassivePacketSink.cc
inet/queueing/sink/PcapFilePacketConsumer.cc
inet/queueing/source/ActivePacketSource.cc
inet/queueing/source/EmptyPacketSource.cc
inet/queueing/source/PassivePacketSource.cc
inet/queueing/source/PcapFilePacketProducer.cc
inet/queueing/tokengenerator/PacketBasedTokenGenerator.cc
inet/queueing/tokengenerator/QueueBasedTokenGenerator.cc
inet/queueing/tokengenerator/SignalBasedTokenGenerator.cc
inet/queueing/tokengenerator/TimeBasedTokenGenerator.cc
inet/routing/aodv/Aodv.cc
inet/routing/aodv/AodvControlPacketsSerializer.cc
inet/routing/aodv/AodvRouteData.cc
inet/routing/bgpv4/Bgp.cc
inet/routing/bgpv4/BgpConfigReader.cc
inet/routing/bgpv4/BgpFsm.cc
inet/routing/bgpv4/BgpRouter.cc
inet/routing/bgpv4/BgpSession.cc
inet/routing/bgpv4/bgpmessage/BgpHeaderSerializer.cc
inet/routing/bgpv4/bgpmessage/BgpUpdate.cc
inet/routing/common/ManetProtocolDissector.cc
inet/routing/dsdv/Dsdv.cc
inet/routing/dymo/Dymo.cc
inet/routing/dymo/DymoRouteData.cc
inet/routing/gpsr/Gpsr.cc
inet/routing/gpsr/PositionTable.cc
inet/routing/ospf_common/OspfPacketSerializer.cc
inet/routing/ospf_common/OspfProtocolDissector.cc
inet/routing/ospfv2/Ospfv2.cc
inet/routing/ospfv2/Ospfv2ConfigReader.cc
inet/routing/ospfv2/Ospfv2Crc.cc
inet/routing/ospfv2/Ospfv2PacketSerializer.cc
inet/routing/ospfv2/interface/Ospfv2Interface.cc
inet/routing/ospfv2/interface/Ospfv2InterfaceState.cc
inet/routing/ospfv2/interface/Ospfv2InterfaceStateBackup.cc
inet/routing/ospfv2/interface/Ospfv2InterfaceStateDesignatedRouter.cc
inet/routing/ospfv2/interface/Ospfv2InterfaceStateDown.cc
inet/routing/ospfv2/interface/Ospfv2InterfaceStateLoopback.cc
inet/routing/ospfv2/interface/Ospfv2InterfaceStateNotDesignatedRouter.cc
inet/routing/ospfv2/interface/Ospfv2InterfaceStatePointToPoint.cc
inet/routing/ospfv2/interface/Ospfv2InterfaceStateWaiting.cc
inet/routing/ospfv2/messagehandler/DatabaseDescriptionHandler.cc
inet/routing/ospfv2/messagehandler/HelloHandler.cc
inet/routing/ospfv2/messagehandler/LinkStateAcknowledgementHandler.cc
inet/routing/ospfv2/messagehandler/LinkStateRequestHandler.cc
inet/routing/ospfv2/messagehandler/LinkStateUpdateHandler.cc
inet/routing/ospfv2/messagehandler/MessageHandler.cc
inet/routing/ospfv2/neighbor/Ospfv2Neighbor.cc
inet/routing/ospfv2/neighbor/Ospfv2NeighborState.cc
inet/routing/ospfv2/neighbor/Ospfv2NeighborStateAttempt.cc
inet/routing/ospfv2/neighbor/Ospfv2NeighborStateDown.cc
inet/routing/ospfv2/neighbor/Ospfv2NeighborStateExchange.cc
inet/routing/ospfv2/neighbor/Ospfv2NeighborStateExchangeStart.cc
inet/routing/ospfv2/neighbor/Ospfv2NeighborStateFull.cc
inet/routing/ospfv2/neighbor/Ospfv2NeighborStateInit.cc
inet/routing/ospfv2/neighbor/Ospfv2NeighborStateLoading.cc
inet/routing/ospfv2/neighbor/Ospfv2NeighborStateTwoWay.cc
inet/routing/ospfv2/router/AsExternalLsa.cc
inet/routing/ospfv2/router/Lsa.cc
inet/routing/ospfv2/router/NetworkLsa.cc
inet/routing/ospfv2/router/Ospfv2Area.cc
inet/routing/ospfv2/router/Ospfv2Router.cc
inet/routing/ospfv2/router/Ospfv2RoutingTableEntry.cc
inet/routing/ospfv2/router/RouterLsa.cc
inet/routing/ospfv2/router/SummaryLsa.cc
inet/routing/ospfv3/Ospfv3Splitter.cc
inet/routing/ospfv3/interface/Ospfv3Interface.cc
inet/routing/ospfv3/interface/Ospfv3InterfacePassive.cc
inet/routing/ospfv3/interface/Ospfv3InterfaceState.cc
inet/routing/ospfv3/interface/Ospfv3InterfaceStateBackup.cc
inet/routing/ospfv3/interface/Ospfv3InterfaceStateDown.cc
inet/routing/ospfv3/interface/Ospfv3InterfaceStateDr.cc
inet/routing/ospfv3/interface/Ospfv3InterfaceStateDrOther.cc
inet/routing/ospfv3/interface/Ospfv3InterfaceStateLoopback.cc
inet/routing/ospfv3/interface/Ospfv3InterfaceStatePointToPoint.cc
inet/routing/ospfv3/interface/Ospfv3InterfaceStateWaiting.cc
inet/routing/ospfv3/neighbor/Ospfv3Neighbor.cc
inet/routing/ospfv3/neighbor/Ospfv3NeighborState.cc
inet/routing/ospfv3/neighbor/Ospfv3NeighborState2Way.cc
inet/routing/ospfv3/neighbor/Ospfv3NeighborStateAttempt.cc
inet/routing/ospfv3/neighbor/Ospfv3NeighborStateDown.cc
inet/routing/ospfv3/neighbor/Ospfv3NeighborStateExchange.cc
inet/routing/ospfv3/neighbor/Ospfv3NeighborStateExStart.cc
inet/routing/ospfv3/neighbor/Ospfv3NeighborStateFull.cc
inet/routing/ospfv3/neighbor/Ospfv3NeighborStateInit.cc
inet/routing/ospfv3/neighbor/Ospfv3NeighborStateLoading.cc
inet/routing/ospfv3/process/Ospfv3Area.cc
inet/routing/ospfv3/process/Ospfv3Instance.cc
inet/routing/ospfv3/process/Ospfv3Lsa.cc
inet/routing/ospfv3/process/Ospfv3Process.cc
inet/routing/ospfv3/process/Ospfv3RoutingTableEntry.cc
inet/routing/pim/Pim.cc
inet/routing/pim/PimPacketSerializer.cc
inet/routing/pim/PimProtocolDissector.cc
inet/routing/pim/PimSplitter.cc
inet/routing/pim/modes/PimBase.cc
inet/routing/pim/modes/PimDm.cc
inet/routing/pim/modes/PimSm.cc
inet/routing/pim/tables/PimInterfaceTable.cc
inet/routing/pim/tables/PimNeighborTable.cc
inet/routing/rip/Rip.cc
inet/routing/rip/RipPacketSerializer.cc
inet/routing/rip/RipProtocolDissector.cc
inet/routing/rip/RipProtocolPrinter.cc
inet/routing/rip/RipRouteData.cc
inet/transportlayer/base/TransportProtocolBase.cc
inet/transportlayer/common/CrcMode.cc
inet/transportlayer/common/L4Tools.cc
inet/transportlayer/common/TransportPseudoHeaderSerializer.cc
inet/transportlayer/contract/sctp/SctpSocket.cc
inet/transportlayer/contract/tcp/TcpSocket.cc
inet/transportlayer/contract/udp/UdpSocket.cc
inet/transportlayer/rtp/Reports.cc
inet/transportlayer/rtp/Rtcp.cc
inet/transportlayer/rtp/RtcpPacket.cc
inet/transportlayer/rtp/RtcpPacketSerializer.cc
inet/transportlayer/rtp/Rtp.cc
inet/transportlayer/rtp/RtpInnerPacket.cc
inet/transportlayer/rtp/RtpPacket.cc
inet/transportlayer/rtp/RtpPacketSerializer.cc
inet/transportlayer/rtp/RtpParticipantInfo.cc
inet/transportlayer/rtp/RtpPayloadReceiver.cc
inet/transportlayer/rtp/RtpPayloadSender.cc
inet/transportlayer/rtp/RtpProfile.cc
inet/transportlayer/rtp/RtpReceiverInfo.cc
inet/transportlayer/rtp/RtpSenderInfo.cc
inet/transportlayer/rtp/Sdes.cc
inet/transportlayer/rtp/profiles/avprofile/RtpAvProfile.cc
inet/transportlayer/rtp/profiles/avprofile/RtpAvProfilePayload32Receiver.cc
inet/transportlayer/rtp/profiles/avprofile/RtpAvProfilePayload32Sender.cc
inet/transportlayer/rtp/profiles/avprofile/RtpMpegPacketSerializer.cc
inet/transportlayer/sctp/Sctp.cc
inet/transportlayer/sctp/SctpAlg.cc
inet/transportlayer/sctp/SctpAssociationAddIp.cc
inet/transportlayer/sctp/SctpAssociationBase.cc
inet/transportlayer/sctp/SctpAssociationEventProc.cc
inet/transportlayer/sctp/SctpAssociationRcvMessage.cc
inet/transportlayer/sctp/SctpAssociationSendAll.cc
inet/transportlayer/sctp/SctpAssociationStreamReset.cc
inet/transportlayer/sctp/SctpAssociationUtil.cc
inet/transportlayer/sctp/SctpCcFunctions.cc
inet/transportlayer/sctp/SctpChecksum.cc
inet/transportlayer/sctp/SctpCrcInsertionHook.cc
inet/transportlayer/sctp/SctpGapList.cc
inet/transportlayer/sctp/SctpHeader.cc
inet/transportlayer/sctp/SctpHeaderSerializer.cc
inet/transportlayer/sctp/SctpNatHook.cc
inet/transportlayer/sctp/SctpNatTable.cc
inet/transportlayer/sctp/SctpProtocolDissector.cc
inet/transportlayer/sctp/SctpProtocolPrinter.cc
inet/transportlayer/sctp/SctpQueue.cc
inet/transportlayer/sctp/SctpReceiveStream.cc
inet/transportlayer/sctp/SctpSendStream.cc
inet/transportlayer/sctp/SctpSsFunctions.cc
inet/transportlayer/sctp/SctpUdpHook.cc
inet/transportlayer/tcp/Tcp.cc
inet/transportlayer/tcp/TcpConnectionBase.cc
inet/transportlayer/tcp/TcpConnectionEventProc.cc
inet/transportlayer/tcp/TcpConnectionRcvSegment.cc
inet/transportlayer/tcp/TcpConnectionSackUtil.cc
inet/transportlayer/tcp/TcpConnectionUtil.cc
inet/transportlayer/tcp/TcpReceiveQueue.cc
inet/transportlayer/tcp/TcpSackRexmitQueue.cc
inet/transportlayer/tcp/TcpSendQueue.cc
inet/transportlayer/tcp/flavours/DumbTcp.cc
inet/transportlayer/tcp/flavours/TcpBaseAlg.cc
inet/transportlayer/tcp/flavours/TcpNewReno.cc
inet/transportlayer/tcp/flavours/TcpNoCongestionControl.cc
inet/transportlayer/tcp/flavours/TcpReno.cc
inet/transportlayer/tcp/flavours/TcpSegmentTransmitInfoList.cc
inet/transportlayer/tcp/flavours/TcpTahoe.cc
inet/transportlayer/tcp/flavours/TcpTahoeRenoFamily.cc
inet/transportlayer/tcp/flavours/TcpVegas.cc
inet/transportlayer/tcp/flavours/TcpWestwood.cc
inet/transportlayer/tcp_common/TcpCrcInsertionHook.cc
inet/transportlayer/tcp_common/TcpHeader.cc
inet/transportlayer/tcp_common/TcpHeaderSerializer.cc
inet/transportlayer/tcp_common/TcpProtocolDissector.cc
inet/transportlayer/tcp_common/TcpProtocolPrinter.cc
inet/transportlayer/tcp_common/TcpSpoof.cc
inet/transportlayer/udp/Udp.cc
inet/transportlayer/udp/UdpHeader.cc
inet/transportlayer/udp/UdpHeaderSerializer.cc
inet/transportlayer/udp/UdpProtocolDissector.cc
inet/transportlayer/udp/UdpProtocolPrinter.cc
inet/visualizer/base/EnergyStorageVisualizerBase.cc
inet/visualizer/base/Ieee80211VisualizerBase.cc
inet/visualizer/base/InfoVisualizerBase.cc
inet/visualizer/base/InterfaceTableVisualizerBase.cc
inet/visualizer/base/LinkBreakVisualizerBase.cc
inet/visualizer/base/LinkCanvasVisualizerBase.cc
inet/visualizer/base/LinkOsgVisualizerBase.cc
inet/visualizer/base/LinkVisualizerBase.cc
inet/visualizer/base/MediumVisualizerBase.cc
inet/visualizer/base/MobilityVisualizerBase.cc
inet/visualizer/base/NetworkConnectionVisualizerBase.cc
inet/visualizer/base/NetworkNodeVisualizerBase.cc
inet/visualizer/base/PacketDropVisualizerBase.cc
inet/visualizer/base/PathCanvasVisualizerBase.cc
inet/visualizer/base/PathOsgVisualizerBase.cc
inet/visualizer/base/PathVisualizerBase.cc
inet/visualizer/base/PhysicalEnvironmentVisualizerBase.cc
inet/visualizer/base/QueueVisualizerBase.cc
inet/visualizer/base/RadioVisualizerBase.cc
inet/visualizer/base/RoutingTableVisualizerBase.cc
inet/visualizer/base/SceneOsgVisualizerBase.cc
inet/visualizer/base/SceneVisualizerBase.cc
inet/visualizer/base/StatisticVisualizerBase.cc
inet/visualizer/base/TracingObstacleLossVisualizerBase.cc
inet/visualizer/base/TransportConnectionVisualizerBase.cc
inet/visualizer/base/VisualizerBase.cc
inet/visualizer/common/InfoCanvasVisualizer.cc
inet/visualizer/common/InfoOsgVisualizer.cc
inet/visualizer/common/PacketDropCanvasVisualizer.cc
inet/visualizer/common/PacketDropOsgVisualizer.cc
inet/visualizer/common/QueueCanvasVisualizer.cc
inet/visualizer/common/QueueOsgVisualizer.cc
inet/visualizer/common/StatisticCanvasVisualizer.cc
inet/visualizer/common/StatisticOsgVisualizer.cc
inet/visualizer/environment/PhysicalEnvironmentCanvasVisualizer.cc
inet/visualizer/environment/PhysicalEnvironmentOsgVisualizer.cc
inet/visualizer/linklayer/DataLinkCanvasVisualizer.cc
inet/visualizer/linklayer/DataLinkOsgVisualizer.cc
inet/visualizer/linklayer/Ieee80211CanvasVisualizer.cc
inet/visualizer/linklayer/Ieee80211OsgVisualizer.cc
inet/visualizer/linklayer/InterfaceTableCanvasVisualizer.cc
inet/visualizer/linklayer/InterfaceTableOsgVisualizer.cc
inet/visualizer/linklayer/LinkBreakCanvasVisualizer.cc
inet/visualizer/linklayer/LinkBreakOsgVisualizer.cc
inet/visualizer/mobility/MobilityCanvasVisualizer.cc
inet/visualizer/mobility/MobilityOsgVisualizer.cc
inet/visualizer/networklayer/NetworkRouteCanvasVisualizer.cc
inet/visualizer/networklayer/NetworkRouteOsgVisualizer.cc
inet/visualizer/networklayer/RoutingTableCanvasVisualizer.cc
inet/visualizer/networklayer/RoutingTableOsgVisualizer.cc
inet/visualizer/physicallayer/MediumCanvasVisualizer.cc
inet/visualizer/physicallayer/MediumOsgVisualizer.cc
inet/visualizer/physicallayer/PhysicalLinkCanvasVisualizer.cc
inet/visualizer/physicallayer/PhysicalLinkOsgVisualizer.cc
inet/visualizer/physicallayer/RadioCanvasVisualizer.cc
inet/visualizer/physicallayer/RadioOsgVisualizer.cc
inet/visualizer/physicallayer/TracingObstacleLossCanvasVisualizer.cc
inet/visualizer/physicallayer/TracingObstacleLossOsgVisualizer.cc
inet/visualizer/power/EnergyStorageCanvasVisualizer.cc
inet/visualizer/power/EnergyStorageOsgVisualizer.cc
inet/visualizer/scene/NetworkConnectionCanvasVisualizer.cc
inet/visualizer/scene/NetworkConnectionOsgVisualizer.cc
inet/visualizer/scene/NetworkNodeCanvasVisualization.cc
inet/visualizer/scene/NetworkNodeCanvasVisualizer.cc
inet/visualizer/scene/NetworkNodeOsgVisualization.cc
inet/visualizer/scene/NetworkNodeOsgVisualizer.cc
inet/visualizer/scene/OpenStreetMapSceneCanvasVisualizer.cc
inet/visualizer/scene/SceneCanvasVisualizer.cc
inet/visualizer/scene/SceneOsgEarthVisualizer.cc
inet/visualizer/scene/SceneOsgVisualizer.cc
inet/visualizer/transportlayer/TransportConnectionCanvasVisualizer.cc
inet/visualizer/transportlayer/TransportConnectionOsgVisualizer.cc
inet/visualizer/transportlayer/TransportRouteCanvasVisualizer.cc
inet/visualizer/transportlayer/TransportRouteOsgVisualizer.cc
inet/visualizer/util/AnimationPosition.cc
inet/visualizer/util/AnimationSpeedInterpolator.cc
inet/visualizer/util/ColorSet.cc
inet/visualizer/util/InterfaceFilter.cc
inet/visualizer/util/LineManager.cc
inet/visualizer/util/ModuleFilter.cc
inet/visualizer/util/NetworkNodeFilter.cc
inet/visualizer/util/Placement.cc
inet/visualizer/util/PortFilter.cc
inet/visualizer/util/QueueFilter.cc
inet/applications/base/ApplicationPacket_m.cc
inet/applications/common/SocketTag_m.cc
inet/applications/dhcp/DhcpMessage_m.cc
inet/applications/ethernet/EtherApp_m.cc
inet/applications/httptools/common/HttpEventMessages_m.cc
inet/applications/httptools/common/HttpMessages_m.cc
inet/applications/netperfmeter/NetPerfMeter_m.cc
inet/applications/packetdrill/PacketDrillInfo_m.cc
inet/applications/pingapp/PingApp_m.cc
inet/applications/rtpapp/RtpApplication_m.cc
inet/applications/tcpapp/GenericAppMsg_m.cc
inet/applications/voip/SimpleVoipPacket_m.cc
inet/common/INETDefs_m.cc
inet/common/Protocol_m.cc
inet/common/ProtocolTag_m.cc
inet/common/Simsignals_m.cc
inet/common/TagBase_m.cc
inet/common/TimeTag_m.cc
inet/common/TlvOptions_m.cc
inet/common/Units_m.cc
inet/common/geometry/Geometry_m.cc
inet/common/packet/ChunkBuffer_m.cc
inet/common/packet/ChunkQueue_m.cc
inet/common/packet/Message_m.cc
inet/common/packet/Packet_m.cc
inet/common/packet/chunk/Chunk_m.cc
inet/common/scenario/ScenarioTimer_m.cc
inet/environment/common/Material_m.cc
inet/environment/common/PhysicalObject_m.cc
inet/linklayer/acking/AckingMacHeader_m.cc
inet/linklayer/bmac/BMacHeader_m.cc
inet/linklayer/common/EtherType_m.cc
inet/linklayer/common/FcsMode_m.cc
inet/linklayer/common/Ieee802Ctrl_m.cc
inet/linklayer/common/Ieee802SapTag_m.cc
inet/linklayer/common/InterfaceTag_m.cc
inet/linklayer/common/MacAddress_m.cc
inet/linklayer/common/MacAddressTag_m.cc
inet/linklayer/common/UserPriorityTag_m.cc
inet/linklayer/common/VlanTag_m.cc
inet/linklayer/csmaca/CsmaCaMacHeader_m.cc
inet/linklayer/ethernet/EtherFrame_m.cc
inet/linklayer/ethernet/EthernetCommand_m.cc
inet/linklayer/ethernet/EtherPhyFrame_m.cc
inet/linklayer/ieee80211/llc/Ieee80211EtherTypeHeader_m.cc
inet/linklayer/ieee80211/llc/LlcProtocolTag_m.cc
inet/linklayer/ieee80211/mac/Ieee80211Frame_m.cc
inet/linklayer/ieee80211/mac/Ieee80211SubtypeTag_m.cc
inet/linklayer/ieee80211/mac/framesequence/FrameSequence_m.cc
inet/linklayer/ieee80211/mac/queue/InProgressFrames_m.cc
inet/linklayer/ieee80211/mgmt/Ieee80211MgmtFrame_m.cc
inet/linklayer/ieee80211/mgmt/Ieee80211Primitives_m.cc
inet/linklayer/ieee802154/Ieee802154MacHeader_m.cc
inet/linklayer/ieee8021d/common/Ieee8021dBpdu_m.cc
inet/linklayer/ieee8021q/Ieee8021qHeader_m.cc
inet/linklayer/ieee8022/Ieee8022LlcHeader_m.cc
inet/linklayer/ieee8022/Ieee8022LlcSocketCommand_m.cc
inet/linklayer/lmac/LMacHeader_m.cc
inet/linklayer/ppp/PppFrame_m.cc
inet/linklayer/shortcut/ShortcutMacHeader_m.cc
inet/linklayer/tun/TunControlInfo_m.cc
inet/linklayer/xmac/XMacHeader_m.cc
inet/networklayer/arp/ipv4/ArpPacket_m.cc
inet/networklayer/common/DscpTag_m.cc
inet/networklayer/common/EchoPacket_m.cc
inet/networklayer/common/EcnTag_m.cc
inet/networklayer/common/FragmentationTag_m.cc
inet/networklayer/common/HopLimitTag_m.cc
inet/networklayer/common/InterfaceEntry_m.cc
inet/networklayer/common/IpProtocolId_m.cc
inet/networklayer/common/L3Address_m.cc
inet/networklayer/common/L3AddressTag_m.cc
inet/networklayer/common/MulticastTag_m.cc
inet/networklayer/common/NextHopAddressTag_m.cc
inet/networklayer/common/TosTag_m.cc
inet/networklayer/contract/L3SocketCommand_m.cc
inet/networklayer/contract/NetworkHeaderBase_m.cc
inet/networklayer/contract/clns/ClnsAddress_m.cc
inet/networklayer/contract/ipv4/Ipv4Address_m.cc
inet/networklayer/contract/ipv4/Ipv4SocketCommand_m.cc
inet/networklayer/contract/ipv6/Ipv6Address_m.cc
inet/networklayer/contract/ipv6/Ipv6SocketCommand_m.cc
inet/networklayer/diffserv/Dscp_m.cc
inet/networklayer/flooding/FloodingHeader_m.cc
inet/networklayer/icmpv6/Icmpv6Header_m.cc
inet/networklayer/icmpv6/Ipv6NdMessage_m.cc
inet/networklayer/ipv4/IcmpHeader_m.cc
inet/networklayer/ipv4/IgmpMessage_m.cc
inet/networklayer/ipv4/Ipv4Header_m.cc
inet/networklayer/ipv4/Ipv4NatEntry_m.cc
inet/networklayer/ipv4/Ipv4OptionsTag_m.cc
inet/networklayer/ipv4/Ipv4Route_m.cc
inet/networklayer/ipv6/Ipv6ExtensionHeaders_m.cc
inet/networklayer/ipv6/Ipv6ExtHeaderTag_m.cc
inet/networklayer/ipv6/Ipv6Header_m.cc
inet/networklayer/ldp/LdpPacket_m.cc
inet/networklayer/mpls/MplsPacket_m.cc
inet/networklayer/nexthop/NextHopForwardingHeader_m.cc
inet/networklayer/probabilistic/ProbabilisticBroadcastHeader_m.cc
inet/networklayer/rsvpte/IntServ_m.cc
inet/networklayer/rsvpte/RsvpHelloMsg_m.cc
inet/networklayer/rsvpte/RsvpPacket_m.cc
inet/networklayer/rsvpte/RsvpPathMsg_m.cc
inet/networklayer/rsvpte/RsvpResvMsg_m.cc
inet/networklayer/rsvpte/SignallingMsg_m.cc
inet/networklayer/ted/LinkStatePacket_m.cc
inet/networklayer/ted/Ted_m.cc
inet/networklayer/wiseroute/WiseRouteHeader_m.cc
inet/networklayer/xmipv6/MobilityHeader_m.cc
inet/physicallayer/analogmodel/packetlevel/ScalarReception_m.cc
inet/physicallayer/analogmodel/packetlevel/ScalarTransmission_m.cc
inet/physicallayer/apskradio/packetlevel/ApskPhyHeader_m.cc
inet/physicallayer/base/packetlevel/FlatReceptionBase_m.cc
inet/physicallayer/base/packetlevel/FlatTransmissionBase_m.cc
inet/physicallayer/base/packetlevel/NarrowbandReceptionBase_m.cc
inet/physicallayer/base/packetlevel/NarrowbandTransmissionBase_m.cc
inet/physicallayer/base/packetlevel/ReceptionBase_m.cc
inet/physicallayer/base/packetlevel/TransmissionBase_m.cc
inet/physicallayer/common/packetlevel/Arrival_m.cc
inet/physicallayer/common/packetlevel/BandListening_m.cc
inet/physicallayer/common/packetlevel/Signal_m.cc
inet/physicallayer/contract/packetlevel/IModulation_m.cc
inet/physicallayer/contract/packetlevel/RadioControlInfo_m.cc
inet/physicallayer/contract/packetlevel/SignalTag_m.cc
inet/physicallayer/ieee80211/mode/Ieee80211Channel_m.cc
inet/physicallayer/ieee80211/mode/IIeee80211Mode_m.cc
inet/physicallayer/ieee80211/packetlevel/Ieee80211ControlInfo_m.cc
inet/physicallayer/ieee80211/packetlevel/Ieee80211DimensionalTransmission_m.cc
inet/physicallayer/ieee80211/packetlevel/Ieee80211PhyHeader_m.cc
inet/physicallayer/ieee80211/packetlevel/Ieee80211ScalarTransmission_m.cc
inet/physicallayer/ieee80211/packetlevel/Ieee80211Tag_m.cc
inet/physicallayer/shortcut/ShortcutPhyHeader_m.cc
inet/physicallayer/unitdisk/UnitDiskPhyHeader_m.cc
inet/physicallayer/unitdisk/UnitDiskTransmission_m.cc
inet/queueing/common/LabelsTag_m.cc
inet/queueing/common/RateTag_m.cc
inet/routing/aodv/AodvControlPackets_m.cc
inet/routing/bgpv4/BgpCommon_m.cc
inet/routing/bgpv4/bgpmessage/BgpHeader_m.cc
inet/routing/dsdv/DsdvHello_m.cc
inet/routing/dymo/Dymo_m.cc
inet/routing/gpsr/Gpsr_m.cc
inet/routing/ospf_common/OspfPacketBase_m.cc
inet/routing/ospfv2/Ospfv2Packet_m.cc
inet/routing/ospfv3/Ospfv3Packet_m.cc
inet/routing/pim/PimPacket_m.cc
inet/routing/rip/RipPacket_m.cc
inet/transportlayer/common/CrcMode_m.cc
inet/transportlayer/common/L4PortTag_m.cc
inet/transportlayer/common/TransportPseudoHeader_m.cc
inet/transportlayer/contract/TransportHeaderBase_m.cc
inet/transportlayer/contract/sctp/SctpCommand_m.cc
inet/transportlayer/contract/tcp/TcpCommand_m.cc
inet/transportlayer/contract/udp/UdpControlInfo_m.cc
inet/transportlayer/rtp/Reports_m.cc
inet/transportlayer/rtp/RtcpPacket_m.cc
inet/transportlayer/rtp/RtpInnerPacket_m.cc
inet/transportlayer/rtp/RtpInterfacePacket_m.cc
inet/transportlayer/rtp/RtpPacket_m.cc
inet/transportlayer/rtp/RtpParticipantInfo_m.cc
inet/transportlayer/rtp/RtpSenderControlMessage_m.cc
inet/transportlayer/rtp/RtpSenderStatusMessage_m.cc
inet/transportlayer/rtp/profiles/avprofile/RtpMpegPacket_m.cc
inet/transportlayer/sctp/SctpHeader_m.cc
inet/transportlayer/tcp/TcpConnection_m.cc
inet/transportlayer/tcp_common/TcpHeader_m.cc
inet/transportlayer/udp/UdpHeader_m.cc
inet/visualizer/base/PacketDrop_m.cc
Creating shared library: ../out/gcc-debug/src/libINET_dbg.so
